<?xml version="1.0" encoding="UTF-8"?>
<!-- Generated by org.testng.reporters.JUnitReportReporter -->
<testsuite hostname="OJT29" name="com.orangehrm.baseclasses.Addemployee" tests="1" failures="0" timestamp="31 Mar 2016 10:57:18 GMT" time="21.247" errors="0">
  <testcase name="addemploytest1" time="21.247" classname="com.orangehrm.baseclasses.Addemployee"/>
</testsuite> <!-- com.orangehrm.baseclasses.Addemployee -->
