<?xml version="1.0" encoding="UTF-8"?>
<!-- Generated by org.testng.reporters.JUnitReportReporter -->
<testsuite hostname="OJT29" name="com.orangehrm.baseclasses.login" tests="1" failures="0" timestamp="31 Mar 2016 10:57:18 GMT" time="15.702" errors="0">
  <testcase name="logintest" time="15.702" classname="com.orangehrm.baseclasses.login"/>
</testsuite> <!-- com.orangehrm.baseclasses.login -->
