<?xml version="1.0" encoding="UTF-8"?>
<!-- Generated by org.testng.reporters.JUnitReportReporter -->
<testsuite hostname="OJT29" name="com.orangehrm.baseclasses.employeetest" tests="1" failures="0" timestamp="31 Mar 2016 10:57:18 GMT" time="16.104" errors="0">
  <testcase name="employeetaestform" time="16.104" classname="com.orangehrm.baseclasses.employeetest"/>
</testsuite> <!-- com.orangehrm.baseclasses.employeetest -->
