<?xml version="1.0" encoding="UTF-8"?>
<!-- Generated by org.testng.reporters.JUnitReportReporter -->
<testsuite hostname="OJT29" name="com.orangehrm.baseclasses.logooutt" tests="1" failures="0" timestamp="31 Mar 2016 10:57:18 GMT" time="2.013" errors="0">
  <testcase name="logouttes" time="2.013" classname="com.orangehrm.baseclasses.logooutt"/>
</testsuite> <!-- com.orangehrm.baseclasses.logooutt -->
